-------------------------------------------------------------------------------
Test set: com.oas.dao.impl.PostalCodeDAOImplTest
-------------------------------------------------------------------------------
Tests run: 2, Failures: 0, Errors: 1, Skipped: 0, Time elapsed: 0.039 sec <<< FAILURE!
testFindCityByZipCode(com.oas.dao.impl.PostalCodeDAOImplTest)  Time elapsed: 0.026 sec  <<< ERROR!
org.springframework.dao.InvalidDataAccessResourceUsageException: could not execute query; nested exception is org.hibernate.exception.SQLGrammarException: could not execute query
	at org.springframework.orm.hibernate3.SessionFactoryUtils.convertHibernateAccessException(SessionFactoryUtils.java:630)
	at org.springframework.orm.jpa.vendor.HibernateJpaDialect.translateExceptionIfPossible(HibernateJpaDialect.java:95)
	at org.springframework.dao.support.DataAccessUtils.translateIfNecessary(DataAccessUtils.java:212)
	at org.springframework.orm.jpa.JpaAccessor.translateIfNecessary(JpaAccessor.java:152)
	at org.springframework.orm.jpa.JpaTemplate.execute(JpaTemplate.java:189)
	at org.springframework.orm.jpa.JpaTemplate.executeFind(JpaTemplate.java:151)
	at com.oas.dao.impl.PostalCodeDAOImpl.findCityByZipCode(PostalCodeDAOImpl.java:24)
	at com.oas.dao.impl.PostalCodeDAOImplTest.testFindCityByZipCode(PostalCodeDAOImplTest.java:19)
	at sun.reflect.NativeMethodAccessorImpl.invoke0(Native Method)
	at sun.reflect.NativeMethodAccessorImpl.invoke(Unknown Source)
	at sun.reflect.DelegatingMethodAccessorImpl.invoke(Unknown Source)
	at java.lang.reflect.Method.invoke(Unknown Source)
	at org.springframework.test.context.junit4.SpringTestMethod.invoke(SpringTestMethod.java:160)
	at org.springframework.test.context.junit4.SpringMethodRoadie.runTestMethod(SpringMethodRoadie.java:233)
	at org.springframework.test.context.junit4.SpringMethodRoadie$RunBeforesThenTestThenAfters.run(SpringMethodRoadie.java:333)
	at org.springframework.test.context.junit4.SpringMethodRoadie.runWithRepetitions(SpringMethodRoadie.java:217)
	at org.springframework.test.context.junit4.SpringMethodRoadie.runTest(SpringMethodRoadie.java:197)
	at org.springframework.test.context.junit4.SpringMethodRoadie.run(SpringMethodRoadie.java:143)
	at org.springframework.test.context.junit4.SpringJUnit4ClassRunner.invokeTestMethod(SpringJUnit4ClassRunner.java:160)
	at org.junit.internal.runners.JUnit4ClassRunner.runMethods(JUnit4ClassRunner.java:51)
	at org.junit.internal.runners.JUnit4ClassRunner$1.run(JUnit4ClassRunner.java:44)
	at org.junit.internal.runners.ClassRoadie.runUnprotected(ClassRoadie.java:27)
	at org.junit.internal.runners.ClassRoadie.runProtected(ClassRoadie.java:37)
	at org.junit.internal.runners.JUnit4ClassRunner.run(JUnit4ClassRunner.java:42)
	at org.springframework.test.context.junit4.SpringJUnit4ClassRunner.run(SpringJUnit4ClassRunner.java:97)
	at org.apache.maven.surefire.junit4.JUnit4TestSet.execute(JUnit4TestSet.java:62)
	at org.apache.maven.surefire.suite.AbstractDirectoryTestSuite.executeTestSet(AbstractDirectoryTestSuite.java:140)
	at org.apache.maven.surefire.suite.AbstractDirectoryTestSuite.execute(AbstractDirectoryTestSuite.java:127)
	at org.apache.maven.surefire.Surefire.run(Surefire.java:177)
	at sun.reflect.NativeMethodAccessorImpl.invoke0(Native Method)
	at sun.reflect.NativeMethodAccessorImpl.invoke(Unknown Source)
	at sun.reflect.DelegatingMethodAccessorImpl.invoke(Unknown Source)
	at java.lang.reflect.Method.invoke(Unknown Source)
	at org.apache.maven.surefire.booter.SurefireBooter.runSuitesInProcess(SurefireBooter.java:345)
	at org.apache.maven.surefire.booter.SurefireBooter.main(SurefireBooter.java:1009)
Caused by: org.hibernate.exception.SQLGrammarException: could not execute query
	at org.hibernate.exception.SQLStateConverter.convert(SQLStateConverter.java:67)
	at org.hibernate.exception.JDBCExceptionHelper.convert(JDBCExceptionHelper.java:43)
	at org.hibernate.loader.Loader.doList(Loader.java:2216)
	at org.hibernate.loader.Loader.listIgnoreQueryCache(Loader.java:2104)
	at org.hibernate.loader.Loader.list(Loader.java:2099)
	at org.hibernate.loader.hql.QueryLoader.list(QueryLoader.java:378)
	at org.hibernate.hql.ast.QueryTranslatorImpl.list(QueryTranslatorImpl.java:338)
	at org.hibernate.engine.query.HQLQueryPlan.performList(HQLQueryPlan.java:172)
	at org.hibernate.impl.SessionImpl.list(SessionImpl.java:1121)
	at org.hibernate.impl.QueryImpl.list(QueryImpl.java:79)
	at org.hibernate.ejb.QueryImpl.getResultList(QueryImpl.java:67)
	at com.oas.dao.impl.PostalCodeDAOImpl$1.doInJpa(PostalCodeDAOImpl.java:29)
	at org.springframework.orm.jpa.JpaTemplate.execute(JpaTemplate.java:184)
	... 30 more
Caused by: com.mysql.jdbc.exceptions.jdbc4.MySQLSyntaxErrorException: SELECT command denied to user 'oas'@'localhost' for table 'geodb_postal_codes'
	at sun.reflect.GeneratedConstructorAccessor9.newInstance(Unknown Source)
	at sun.reflect.DelegatingConstructorAccessorImpl.newInstance(Unknown Source)
	at java.lang.reflect.Constructor.newInstance(Unknown Source)
	at com.mysql.jdbc.Util.handleNewInstance(Util.java:406)
	at com.mysql.jdbc.Util.getInstance(Util.java:381)
	at com.mysql.jdbc.SQLError.createSQLException(SQLError.java:1030)
	at com.mysql.jdbc.SQLError.createSQLException(SQLError.java:956)
	at com.mysql.jdbc.MysqlIO.checkErrorPacket(MysqlIO.java:3491)
	at com.mysql.jdbc.MysqlIO.checkErrorPacket(MysqlIO.java:3423)
	at com.mysql.jdbc.MysqlIO.sendCommand(MysqlIO.java:1936)
	at com.mysql.jdbc.MysqlIO.sqlQueryDirect(MysqlIO.java:2060)
	at com.mysql.jdbc.ConnectionImpl.execSQL(ConnectionImpl.java:2542)
	at com.mysql.jdbc.PreparedStatement.executeInternal(PreparedStatement.java:1734)
	at com.mysql.jdbc.PreparedStatement.executeQuery(PreparedStatement.java:1885)
	at org.hibernate.jdbc.AbstractBatcher.getResultSet(AbstractBatcher.java:186)
	at org.hibernate.loader.Loader.getResultSet(Loader.java:1787)
	at org.hibernate.loader.Loader.doQuery(Loader.java:674)
	at org.hibernate.loader.Loader.doQueryAndInitializeNonLazyCollections(Loader.java:236)
	at org.hibernate.loader.Loader.doList(Loader.java:2213)
	... 40 more

